{"nbformat":4,"nbformat_minor":0,"metadata":{"colab":{"name":"Overwatch","provenance":[],"collapsed_sections":[],"authorship_tag":"ABX9TyMFrgUVnInCuL7dF/f+c4iS"},"kernelspec":{"name":"python3","display_name":"Python 3"}},"cells":[{"cell_type":"markdown","metadata":{"id":"wFrnMHsryRSw"},"source":["#**Input Module**\n","Voice recognition"]},{"cell_type":"code","metadata":{"id":"aqneTWt9yYdm","executionInfo":{"status":"ok","timestamp":1603814713397,"user_tz":-60,"elapsed":7719,"user":{"displayName":"Hyunho Kim","photoUrl":"","userId":"04207700874606948738"}},"outputId":"d6b8b867-51cb-40f9-83e4-4f1b2e0134cd","colab":{"base_uri":"https://localhost:8080/","height":224}},"source":["!pip install SpeechRecognition\n","!pip install pyaudio"],"execution_count":7,"outputs":[{"output_type":"stream","text":["Requirement already satisfied: SpeechRecognition in /usr/local/lib/python3.6/dist-packages (3.8.1)\n","Collecting pyaudio\n","  Using cached https://files.pythonhosted.org/packages/ab/42/b4f04721c5c5bfc196ce156b3c768998ef8c0ae3654ed29ea5020c749a6b/PyAudio-0.2.11.tar.gz\n","Building wheels for collected packages: pyaudio\n","  Building wheel for pyaudio (setup.py) ... \u001b[?25lerror\n","\u001b[31m  ERROR: Failed building wheel for pyaudio\u001b[0m\n","\u001b[?25h  Running setup.py clean for pyaudio\n","Failed to build pyaudio\n","Installing collected packages: pyaudio\n","    Running setup.py install for pyaudio ... \u001b[?25l\u001b[?25herror\n","\u001b[31mERROR: Command errored out with exit status 1: /usr/bin/python3 -u -c 'import sys, setuptools, tokenize; sys.argv[0] = '\"'\"'/tmp/pip-install-joh_5cvz/pyaudio/setup.py'\"'\"'; __file__='\"'\"'/tmp/pip-install-joh_5cvz/pyaudio/setup.py'\"'\"';f=getattr(tokenize, '\"'\"'open'\"'\"', open)(__file__);code=f.read().replace('\"'\"'\\r\\n'\"'\"', '\"'\"'\\n'\"'\"');f.close();exec(compile(code, __file__, '\"'\"'exec'\"'\"'))' install --record /tmp/pip-record-4_doizry/install-record.txt --single-version-externally-managed --compile Check the logs for full command output.\u001b[0m\n"],"name":"stdout"}]},{"cell_type":"code","metadata":{"id":"WWFFuuXmya94","executionInfo":{"status":"ok","timestamp":1603814422856,"user_tz":-60,"elapsed":1791,"user":{"displayName":"Hyunho Kim","photoUrl":"","userId":"04207700874606948738"}},"outputId":"5b6b60d9-8d83-49b5-bfa1-45ee70169fca","colab":{"base_uri":"https://localhost:8080/","height":35}},"source":["import speech_recognition as sr\n","sr.__version__"],"execution_count":2,"outputs":[{"output_type":"execute_result","data":{"application/vnd.google.colaboratory.intrinsic+json":{"type":"string"},"text/plain":["'3.8.1'"]},"metadata":{"tags":[]},"execution_count":2}]},{"cell_type":"code","metadata":{"id":"45rWNRu0yeka","executionInfo":{"status":"error","timestamp":1603814572811,"user_tz":-60,"elapsed":780,"user":{"displayName":"Hyunho Kim","photoUrl":"","userId":"04207700874606948738"}},"outputId":"14f03bf7-d537-4294-c687-335131a55a0b","colab":{"base_uri":"https://localhost:8080/","height":425}},"source":["r = sr.Recognizer()\n","\n","with sr.Microphone() as source:\n","  text = r.listen(source)\n","\n","  try:\n","    recognized_text = r.recognize_google(text)\n","    print(recognized_text)\n","  except sr.UnknownValueError:\n","    print(\"Unknown\")\n","  except sr.RequestError as e:\n","    print(\"request error \" + e)"],"execution_count":4,"outputs":[{"output_type":"error","ename":"AttributeError","evalue":"ignored","traceback":["\u001b[0;31m---------------------------------------------------------------------------\u001b[0m","\u001b[0;31mModuleNotFoundError\u001b[0m                       Traceback (most recent call last)","\u001b[0;32m/usr/local/lib/python3.6/dist-packages/speech_recognition/__init__.py\u001b[0m in \u001b[0;36mget_pyaudio\u001b[0;34m()\u001b[0m\n\u001b[1;32m    107\u001b[0m         \u001b[0;32mtry\u001b[0m\u001b[0;34m:\u001b[0m\u001b[0;34m\u001b[0m\u001b[0;34m\u001b[0m\u001b[0m\n\u001b[0;32m--> 108\u001b[0;31m             \u001b[0;32mimport\u001b[0m \u001b[0mpyaudio\u001b[0m\u001b[0;34m\u001b[0m\u001b[0;34m\u001b[0m\u001b[0m\n\u001b[0m\u001b[1;32m    109\u001b[0m         \u001b[0;32mexcept\u001b[0m \u001b[0mImportError\u001b[0m\u001b[0;34m:\u001b[0m\u001b[0;34m\u001b[0m\u001b[0;34m\u001b[0m\u001b[0m\n","\u001b[0;31mModuleNotFoundError\u001b[0m: No module named 'pyaudio'","\nDuring handling of the above exception, another exception occurred:\n","\u001b[0;31mAttributeError\u001b[0m                            Traceback (most recent call last)","\u001b[0;32m<ipython-input-4-1257637bfd9e>\u001b[0m in \u001b[0;36m<module>\u001b[0;34m()\u001b[0m\n\u001b[1;32m      1\u001b[0m \u001b[0mr\u001b[0m \u001b[0;34m=\u001b[0m \u001b[0msr\u001b[0m\u001b[0;34m.\u001b[0m\u001b[0mRecognizer\u001b[0m\u001b[0;34m(\u001b[0m\u001b[0;34m)\u001b[0m\u001b[0;34m\u001b[0m\u001b[0;34m\u001b[0m\u001b[0m\n\u001b[1;32m      2\u001b[0m \u001b[0;34m\u001b[0m\u001b[0m\n\u001b[0;32m----> 3\u001b[0;31m \u001b[0;32mwith\u001b[0m \u001b[0msr\u001b[0m\u001b[0;34m.\u001b[0m\u001b[0mMicrophone\u001b[0m\u001b[0;34m(\u001b[0m\u001b[0;34m)\u001b[0m \u001b[0;32mas\u001b[0m \u001b[0msource\u001b[0m\u001b[0;34m:\u001b[0m\u001b[0;34m\u001b[0m\u001b[0;34m\u001b[0m\u001b[0m\n\u001b[0m\u001b[1;32m      4\u001b[0m   \u001b[0mtext\u001b[0m \u001b[0;34m=\u001b[0m \u001b[0mr\u001b[0m\u001b[0;34m.\u001b[0m\u001b[0mlisten\u001b[0m\u001b[0;34m(\u001b[0m\u001b[0msource\u001b[0m\u001b[0;34m)\u001b[0m\u001b[0;34m\u001b[0m\u001b[0;34m\u001b[0m\u001b[0m\n\u001b[1;32m      5\u001b[0m \u001b[0;34m\u001b[0m\u001b[0m\n","\u001b[0;32m/usr/local/lib/python3.6/dist-packages/speech_recognition/__init__.py\u001b[0m in \u001b[0;36m__init__\u001b[0;34m(self, device_index, sample_rate, chunk_size)\u001b[0m\n\u001b[1;32m     77\u001b[0m \u001b[0;34m\u001b[0m\u001b[0m\n\u001b[1;32m     78\u001b[0m         \u001b[0;31m# set up PyAudio\u001b[0m\u001b[0;34m\u001b[0m\u001b[0;34m\u001b[0m\u001b[0;34m\u001b[0m\u001b[0m\n\u001b[0;32m---> 79\u001b[0;31m         \u001b[0mself\u001b[0m\u001b[0;34m.\u001b[0m\u001b[0mpyaudio_module\u001b[0m \u001b[0;34m=\u001b[0m \u001b[0mself\u001b[0m\u001b[0;34m.\u001b[0m\u001b[0mget_pyaudio\u001b[0m\u001b[0;34m(\u001b[0m\u001b[0;34m)\u001b[0m\u001b[0;34m\u001b[0m\u001b[0;34m\u001b[0m\u001b[0m\n\u001b[0m\u001b[1;32m     80\u001b[0m         \u001b[0maudio\u001b[0m \u001b[0;34m=\u001b[0m \u001b[0mself\u001b[0m\u001b[0;34m.\u001b[0m\u001b[0mpyaudio_module\u001b[0m\u001b[0;34m.\u001b[0m\u001b[0mPyAudio\u001b[0m\u001b[0;34m(\u001b[0m\u001b[0;34m)\u001b[0m\u001b[0;34m\u001b[0m\u001b[0;34m\u001b[0m\u001b[0m\n\u001b[1;32m     81\u001b[0m         \u001b[0;32mtry\u001b[0m\u001b[0;34m:\u001b[0m\u001b[0;34m\u001b[0m\u001b[0;34m\u001b[0m\u001b[0m\n","\u001b[0;32m/usr/local/lib/python3.6/dist-packages/speech_recognition/__init__.py\u001b[0m in \u001b[0;36mget_pyaudio\u001b[0;34m()\u001b[0m\n\u001b[1;32m    108\u001b[0m             \u001b[0;32mimport\u001b[0m \u001b[0mpyaudio\u001b[0m\u001b[0;34m\u001b[0m\u001b[0;34m\u001b[0m\u001b[0m\n\u001b[1;32m    109\u001b[0m         \u001b[0;32mexcept\u001b[0m \u001b[0mImportError\u001b[0m\u001b[0;34m:\u001b[0m\u001b[0;34m\u001b[0m\u001b[0;34m\u001b[0m\u001b[0m\n\u001b[0;32m--> 110\u001b[0;31m             \u001b[0;32mraise\u001b[0m \u001b[0mAttributeError\u001b[0m\u001b[0;34m(\u001b[0m\u001b[0;34m\"Could not find PyAudio; check installation\"\u001b[0m\u001b[0;34m)\u001b[0m\u001b[0;34m\u001b[0m\u001b[0;34m\u001b[0m\u001b[0m\n\u001b[0m\u001b[1;32m    111\u001b[0m         \u001b[0;32mfrom\u001b[0m \u001b[0mdistutils\u001b[0m\u001b[0;34m.\u001b[0m\u001b[0mversion\u001b[0m \u001b[0;32mimport\u001b[0m \u001b[0mLooseVersion\u001b[0m\u001b[0;34m\u001b[0m\u001b[0;34m\u001b[0m\u001b[0m\n\u001b[1;32m    112\u001b[0m         \u001b[0;32mif\u001b[0m \u001b[0mLooseVersion\u001b[0m\u001b[0;34m(\u001b[0m\u001b[0mpyaudio\u001b[0m\u001b[0;34m.\u001b[0m\u001b[0m__version__\u001b[0m\u001b[0;34m)\u001b[0m \u001b[0;34m<\u001b[0m \u001b[0mLooseVersion\u001b[0m\u001b[0;34m(\u001b[0m\u001b[0;34m\"0.2.11\"\u001b[0m\u001b[0;34m)\u001b[0m\u001b[0;34m:\u001b[0m\u001b[0;34m\u001b[0m\u001b[0;34m\u001b[0m\u001b[0m\n","\u001b[0;31mAttributeError\u001b[0m: Could not find PyAudio; check installation"]}]},{"cell_type":"code","metadata":{"id":"1BkwgGGJy1X-"},"source":[""],"execution_count":null,"outputs":[]}]}